-------------------- Log Start | Fri Mar 15 17:01:16 2024 --------------------
data_path: /home/pi/printer_data
is_default_data_path: False
config_file: /home/pi/printer_data/config/moonraker.conf
startup_warnings: []
verbose: False
debug: False
asyncio_debug: False
is_backup_config: False
is_python_package: False
instance_uuid: 5c8a21914cfc42968cca1c9b953332c1
unix_socket_path: /home/pi/printer_data/comms/moonraker.sock
software_version: v0.8.0-317-g0850c16
git_branch: master
git_remote: origin
git_repo_url: https://github.com/Arksine/moonraker.git
modified_files: []
unofficial_components: []
log_file: /home/pi/printer_data/logs/moonraker.log
python_version: 3.9.2 (default, Feb 28 2021, 17:03:44)  [GCC 10.2.1 20210110]
launch_args: /home/pi/moonraker-env/bin/python /home/pi/moonraker/moonraker/moonraker.py -d /home/pi/printer_data
msgspec_enabled: False
uvloop_enabled: False

#################### Moonraker Configuration ####################

[server]
host = 0.0.0.0
port = 7125
klippy_uds_address = /home/pi/printer_data/comms/klippy.sock

[authorization]
trusted_clients = 
	10.0.0.0/8
	127.0.0.0/8
	169.254.0.0/16
	172.16.0.0/12
	192.168.0.0/16
	FE80::/10
	::1/128
cors_domains = 
	*.lan
	*.local
	*://localhost
	*://localhost:*
	*://my.mainsail.xyz
	*://app.fluidd.xyz

[octoprint_compat]

[history]

[update_manager]
channel = dev
refresh_interval = 168

[update_manager mainsail]
type = web
channel = stable
repo = mainsail-crew/mainsail
path = ~/mainsail

#################################################################
All Configuration Files:
/home/pi/printer_data/config/moonraker.conf
#################################################################

Database Versions: pylmdb = 1.4.1, lmdb = (0, 9, 29)
Unsafe Shutdown Count: 20

System Info:

***python***
  version: (3, 9, 2, 'final', 0)
  version_string: 3.9.2 (default, Feb 28 2021, 17:03:44)  [GCC 10.2.1 20210110]

***cpu_info***
  cpu_count: 4
  bits: 64bit
  processor: aarch64
  cpu_desc: 
  serial_number: 10000000f3f2a0c2
  hardware_desc: BCM2835
  model: Raspberry Pi 4 Model B Rev 1.2
  total_memory: 3885396
  memory_units: kB

***sd_info***
  manufacturer_id: 27
  manufacturer: Unknown
  oem_id: 5048
  product_name: SD256
  product_revision: 6.0
  serial_number: dacda965
  manufacturer_date: 5/2020
  capacity: 238.5 GiB
  total_bytes: 256068550656

***distribution***
  name: Debian GNU/Linux 11 (bullseye)
  id: debian
  version: 11
  version_parts: {'major': '11', 'minor': '', 'build_number': ''}
  like: 
  codename: bullseye
  release_info: {}

***virtualization***
  virt_type: none
  virt_identifier: none

***network***

***canbus***

***Allowed Services***
  klipper_mcu
  webcamd
  MoonCord
  KlipperScreen
  moonraker-telegram-bot
  moonraker-obico
  sonar
  crowsnest
  octoeverywhere
Found libcamera Python module, version: v0.0.5+83-bde9b04f

Systemd unit moonraker.service:
unit_name: moonraker.service
is_default: True
manager: systemd
Properties:
**Requires=['-.mount', 'system.slice', 'network-online.target', 'sysinit.target']
**After=['sysinit.target', '-.mount', 'systemd-journald.socket', 'basic.target', 'network-online.target', 'system.slice']
**SupplementaryGroups=['moonraker-admin']
**EnvironmentFiles=/home/pi/printer_data/systemd/moonraker.env
**ExecStart=/home/pi/moonraker-env/bin/python $MOONRAKER_ARGS
**WorkingDirectory=/home/pi/moonraker
**FragmentPath=/etc/systemd/system/moonraker.service
**Description=API Server for Klipper SV1
**User=pi

Systemd unit klipper.service:
unit_name: klipper.service
is_default: True
manager: systemd
Properties:
**Requires=['-.mount', 'system.slice', 'sysinit.target']
**After=['basic.target', '-.mount', 'network-online.target', 'systemd-journald.socket', 'sysinit.target', 'system.slice']
**SupplementaryGroups=[]
**EnvironmentFiles=/home/pi/printer_data/systemd/klipper.env
**ExecStart=/home/pi/klippy-env/bin/python $KLIPPER_ARGS
**WorkingDirectory=/home/pi/klipper
**FragmentPath=/etc/systemd/system/klipper.service
**Description=Klipper 3D Printer Firmware SV1
**User=pi
Git Repo moonraker: Warnings detected:
  Repo is corrupt
Git Repo klipper: Warnings detected:
  Repo is corrupt
Klipper Version: v0.12.0-114-ga77d0790
2024-03-15 13:01:16,464 [authorization.py:_check_trusted_connection()] - Trusted Connection Detected, IP: 192.168.10.103
2024-03-15 13:01:16,467 [application.py:log_request()] - 101 GET /websocket (192.168.10.103) [_TRUSTED_USER_] 4.18ms
2024-03-15 13:01:16,468 [websockets.py:open()] - Websocket Opened: ID: 548349074544, Proxied: True, User Agent: Mozilla/5.0 (Windows NT 10.0; Win64; x64) AppleWebKit/537.36 (KHTML, like Gecko) Chrome/122.0.0.0 Safari/537.36, Host Name: klipper.local
2024-03-15 13:01:16,497 [websockets.py:_handle_identify()] - Websocket 548349074544 Client Identified - Name: mainsail, Version: 2.10.0, Type: web
2024-03-15 13:01:36,683 [base_deploy.py:log_info()] - PackageKit: Detected 9 package updates:
libc-bin
libc-dev-bin
libc-devtools
libc-l10n
libc6
libc6-dbg
libc6-dev
libuv1
locales
2024-03-15 13:01:36,703 [shell_command.py:_check_proc_success()] - Command (git -C /home/pi/moonraker status --porcelain -b) successfully finished
2024-03-15 13:01:36,730 [shell_command.py:_check_proc_success()] - Command (git -C /home/pi/moonraker branch --list --no-color) successfully finished
2024-03-15 13:01:36,757 [shell_command.py:_check_proc_success()] - Command (git -C /home/pi/moonraker remote get-url origin) successfully finished
2024-03-15 13:01:37,345 [shell_command.py:_check_proc_success()] - Command (git -C /home/pi/moonraker fetch origin --prune --progress) successfully finished
2024-03-15 13:01:37,364 [shell_command.py:_check_proc_success()] - Command (git -C /home/pi/moonraker merge-base --is-ancestor HEAD origin/master) successfully finished
2024-03-15 13:01:37,378 [shell_command.py:_check_proc_success()] - Command (git -C /home/pi/moonraker rev-parse HEAD) successfully finished
2024-03-15 13:01:37,406 [shell_command.py:_check_proc_success()] - Command (git -C /home/pi/moonraker describe --always --tags --long --dirty --abbrev=8) successfully finished
2024-03-15 13:01:37,420 [shell_command.py:_check_proc_success()] - Command (git -C /home/pi/moonraker rev-parse origin/master) successfully finished
2024-03-15 13:01:37,446 [shell_command.py:_check_proc_success()] - Command (git -C /home/pi/moonraker describe origin/master --always --tags --long --abbrev=8) successfully finished
2024-03-15 13:01:37,462 [shell_command.py:_check_proc_success()] - Command (git -C /home/pi/moonraker rev-list HEAD..6b1b8c51025c6a8650b4cecfefb47f0ff1d4415a --count) successfully finished
2024-03-15 13:01:37,479 [shell_command.py:_check_proc_success()] - Command (git -C /home/pi/moonraker log 0850c16b00052b817126f27af22dba004a0c7366..origin/master --format="sha:%H%x1Dauthor:%an%x1Ddate:%ct%x1Dsubject:%s%x1Dmessage:%b%x1E" --max-count=100) successfully finished
2024-03-15 13:01:37,553 [shell_command.py:_check_proc_success()] - Command (git -C /home/pi/moonraker for-each-ref --count=100 --sort='-creatordate' --contains=HEAD --merged=origin/master --format='%(if)%(*objecttype)%(then)%(*objecttype) %(*objectname)%(else)%(objecttype) %(objectname)%(end) %(refname)' 'refs/tags') successfully finished
2024-03-15 13:01:37,554 [git_deploy.py:log_repo_info()] - Git Repo moonraker Detected:
Owner: Arksine
Repository Name: moonraker
Path: /home/pi/moonraker
Remote: origin
Branch: master
Remote URL: https://github.com/Arksine/moonraker.git
Recovery URL: https://github.com/Arksine/moonraker.git
Current Commit SHA: 0850c16b00052b817126f27af22dba004a0c7366
Upstream Commit SHA: 6b1b8c51025c6a8650b4cecfefb47f0ff1d4415a
Current Version: v0.8.0-317-g0850c16b
Upstream Version: v0.8.0-320-g6b1b8c51
Rollback Commit: f946e6a28d7506d8da16851cbf730fa89b267926
Rollback Branch: master
Rollback Version: v0.8.0-309-gf946e6a2
Is Dirty: False
Is Detached: False
Is Shallow: False
Commits Behind Count: 3
Diverged: False
Repo Warnings:
  Repo is corrupt
2024-03-15 13:01:37,555 [base_deploy.py:log_info()] - Git Repo moonraker: Channel: dev
2024-03-15 13:01:37,555 [base_deploy.py:log_info()] - Git Repo moonraker: Validity check for git repo passed
2024-03-15 13:01:37,587 [shell_command.py:_check_proc_success()] - Command (git -C /home/pi/klipper status --porcelain -b) successfully finished
2024-03-15 13:01:37,614 [shell_command.py:_check_proc_success()] - Command (git -C /home/pi/klipper branch --list --no-color) successfully finished
2024-03-15 13:01:37,640 [shell_command.py:_check_proc_success()] - Command (git -C /home/pi/klipper remote get-url origin) successfully finished
2024-03-15 13:01:38,792 [shell_command.py:_check_proc_success()] - Command (git -C /home/pi/klipper fetch origin --prune --progress) successfully finished
2024-03-15 13:01:38,808 [shell_command.py:_check_proc_success()] - Command (git -C /home/pi/klipper merge-base --is-ancestor HEAD origin/master) successfully finished
2024-03-15 13:01:38,822 [shell_command.py:_check_proc_success()] - Command (git -C /home/pi/klipper rev-parse HEAD) successfully finished
2024-03-15 13:01:38,929 [shell_command.py:_check_proc_success()] - Command (git -C /home/pi/klipper describe --always --tags --long --dirty --abbrev=8) successfully finished
2024-03-15 13:01:38,943 [shell_command.py:_check_proc_success()] - Command (git -C /home/pi/klipper rev-parse origin/master) successfully finished
2024-03-15 13:01:39,044 [shell_command.py:_check_proc_success()] - Command (git -C /home/pi/klipper describe origin/master --always --tags --long --abbrev=8) successfully finished
2024-03-15 13:01:39,060 [shell_command.py:_check_proc_success()] - Command (git -C /home/pi/klipper rev-list HEAD..bfb71bc2dc63f2911a11ebf580f82b1e8b2706c4 --count) successfully finished
2024-03-15 13:01:39,076 [shell_command.py:_check_proc_success()] - Command (git -C /home/pi/klipper log a77d07907fdfcd76f7175231caee170db205ff04..origin/master --format="sha:%H%x1Dauthor:%an%x1Ddate:%ct%x1Dsubject:%s%x1Dmessage:%b%x1E" --max-count=100) successfully finished
2024-03-15 13:01:39,197 [shell_command.py:_check_proc_success()] - Command (git -C /home/pi/klipper for-each-ref --count=100 --sort='-creatordate' --contains=HEAD --merged=origin/master --format='%(if)%(*objecttype)%(then)%(*objecttype) %(*objectname)%(else)%(objecttype) %(objectname)%(end) %(refname)' 'refs/tags') successfully finished
2024-03-15 13:01:39,197 [git_deploy.py:log_repo_info()] - Git Repo klipper Detected:
Owner: Klipper3d
Repository Name: klipper
Path: /home/pi/klipper
Remote: origin
Branch: master
Remote URL: https://github.com/Klipper3d/klipper
Recovery URL: https://github.com/Klipper3d/klipper
Current Commit SHA: a77d07907fdfcd76f7175231caee170db205ff04
Upstream Commit SHA: bfb71bc2dc63f2911a11ebf580f82b1e8b2706c4
Current Version: v0.12.0-114-ga77d0790
Upstream Version: v0.12.0-125-gbfb71bc2
Rollback Commit: 9f41f53c5e364694b9b41279b3b3aee34250b93a
Rollback Branch: master
Rollback Version: v0.12.0-102-g9f41f53c
Is Dirty: False
Is Detached: False
Is Shallow: False
Commits Behind Count: 11
Diverged: False
Repo Warnings:
  Repo is corrupt
2024-03-15 13:01:39,198 [base_deploy.py:log_info()] - Git Repo klipper: Channel: dev
2024-03-15 13:01:39,198 [base_deploy.py:log_info()] - Git Repo klipper: Validity check for git repo passed
2024-03-15 13:01:39,443 [base_deploy.py:log_info()] - Web Client mainsail: Detected
Repo: mainsail-crew/mainsail
Channel: stable
Path: /home/pi/mainsail
Local Version: v2.10.0
Remote Version: v2.10.0
Valid: True
Fallback Detected: False
Pre-release: False
Download Url: https://github.com/mainsail-crew/mainsail/releases/download/v2.10.0/mainsail.zip
Download Size: 2081565
Content Type: application/zip
Rollback Version: v2.9.1
Rollback Repo: mainsail-crew/mainsail
2024-03-15 13:02:17,814 [shell_command.py:_check_proc_success()] - Command (git -C /home/pi/klipper fetch origin --prune --progress) successfully finished
2024-03-15 13:02:17,829 [shell_command.py:_check_proc_success()] - Command (git -C /home/pi/klipper merge-base --is-ancestor HEAD origin/master) successfully finished
2024-03-15 13:02:18,388 [shell_command.py:_check_proc_success()] - Command (git -C /home/pi/klipper pull --progress) successfully finished
2024-03-15 13:02:18,438 [shell_command.py:_check_proc_success()] - Command (git -C /home/pi/klipper status --porcelain -b) successfully finished
2024-03-15 13:02:18,466 [shell_command.py:_check_proc_success()] - Command (git -C /home/pi/klipper branch --list --no-color) successfully finished
2024-03-15 13:02:18,492 [shell_command.py:_check_proc_success()] - Command (git -C /home/pi/klipper remote get-url origin) successfully finished
2024-03-15 13:02:18,507 [shell_command.py:_check_proc_success()] - Command (git -C /home/pi/klipper merge-base --is-ancestor HEAD origin/master) successfully finished
2024-03-15 13:02:18,521 [shell_command.py:_check_proc_success()] - Command (git -C /home/pi/klipper rev-parse HEAD) successfully finished
2024-03-15 13:02:18,638 [shell_command.py:_check_proc_success()] - Command (git -C /home/pi/klipper describe --always --tags --long --dirty --abbrev=8) successfully finished
2024-03-15 13:02:18,652 [shell_command.py:_check_proc_success()] - Command (git -C /home/pi/klipper rev-parse origin/master) successfully finished
2024-03-15 13:02:18,753 [shell_command.py:_check_proc_success()] - Command (git -C /home/pi/klipper describe origin/master --always --tags --long --abbrev=8) successfully finished
2024-03-15 13:02:18,768 [shell_command.py:_check_proc_success()] - Command (git -C /home/pi/klipper rev-list HEAD..bfb71bc2dc63f2911a11ebf580f82b1e8b2706c4 --count) successfully finished
2024-03-15 13:02:18,769 [git_deploy.py:log_repo_info()] - Git Repo klipper Detected:
Owner: Klipper3d
Repository Name: klipper
Path: /home/pi/klipper
Remote: origin
Branch: master
Remote URL: https://github.com/Klipper3d/klipper
Recovery URL: https://github.com/Klipper3d/klipper
Current Commit SHA: bfb71bc2dc63f2911a11ebf580f82b1e8b2706c4
Upstream Commit SHA: bfb71bc2dc63f2911a11ebf580f82b1e8b2706c4
Current Version: v0.12.0-125-gbfb71bc2
Upstream Version: v0.12.0-125-gbfb71bc2
Rollback Commit: a77d07907fdfcd76f7175231caee170db205ff04
Rollback Branch: master
Rollback Version: v0.12.0-114-ga77d0790
Is Dirty: False
Is Detached: False
Is Shallow: False
Commits Behind Count: 0
Diverged: False
2024-03-15 13:02:18,770 [base_deploy.py:log_info()] - Git Repo klipper: Channel: dev
2024-03-15 13:02:18,770 [base_deploy.py:log_info()] - Git Repo klipper: Validity check for git repo passed
2024-03-15 13:02:18,808 [klippy_connection.py:_on_connection_closed()] - Klippy Connection Removed
2024-03-15 13:02:19,564 [klippy_connection.py:_do_connect()] - Klippy Connection Established
2024-03-15 13:02:19,880 [server.py:add_log_rollover_item()] - Klipper Version: v0.12.0-125-gbfb71bc2
2024-03-15 13:02:20,303 [shell_command.py:_check_proc_success()] - Command (git -C /home/pi/moonraker fetch origin --prune --progress) successfully finished
2024-03-15 13:02:20,320 [shell_command.py:_check_proc_success()] - Command (git -C /home/pi/moonraker merge-base --is-ancestor HEAD origin/master) successfully finished
2024-03-15 13:02:20,816 [shell_command.py:_check_proc_success()] - Command (git -C /home/pi/moonraker pull --progress) successfully finished
2024-03-15 13:02:21,906 [klippy_connection.py:_request_initial_subscriptions()] - Webhooks Subscribed
2024-03-15 13:02:21,908 [klippy_connection.py:_request_initial_subscriptions()] - GCode Output Subscribed
2024-03-15 13:02:22,157 [job_state.py:_handle_started()] - Job state initialized: standby
2024-03-15 13:02:22,418 [klippy_connection.py:_check_ready()] - Klippy ready
2024-03-15 13:02:22,621 [shell_command.py:_check_proc_success()] - Command (/home/pi/moonraker-env/bin/python -m pip --version) successfully finished
2024-03-15 13:02:22,915 [data_store.py:_init_sensors()] - Configuring available sensors: ['heater_bed', 'extruder']
2024-03-15 13:02:26,797 [shell_command.py:pipe_data_received()] - 
[notice] A new release of pip is available: 23.3.2 -> 24.0
[notice] To update, run: python -m pip install --upgrade pip

2024-03-15 13:02:27,085 [shell_command.py:_check_proc_success()] - Command (/home/pi/moonraker-env/bin/python -m pip install -r /home/pi/moonraker/scripts/moonraker-requirements.txt) successfully finished
2024-03-15 13:02:27,107 [shell_command.py:_check_proc_success()] - Command (git -C /home/pi/moonraker status --porcelain -b) successfully finished
2024-03-15 13:02:27,135 [shell_command.py:_check_proc_success()] - Command (git -C /home/pi/moonraker branch --list --no-color) successfully finished
2024-03-15 13:02:27,161 [shell_command.py:_check_proc_success()] - Command (git -C /home/pi/moonraker remote get-url origin) successfully finished
2024-03-15 13:02:27,177 [shell_command.py:_check_proc_success()] - Command (git -C /home/pi/moonraker merge-base --is-ancestor HEAD origin/master) successfully finished
2024-03-15 13:02:27,191 [shell_command.py:_check_proc_success()] - Command (git -C /home/pi/moonraker rev-parse HEAD) successfully finished
2024-03-15 13:02:27,219 [shell_command.py:_check_proc_success()] - Command (git -C /home/pi/moonraker describe --always --tags --long --dirty --abbrev=8) successfully finished
2024-03-15 13:02:27,233 [shell_command.py:_check_proc_success()] - Command (git -C /home/pi/moonraker rev-parse origin/master) successfully finished
2024-03-15 13:02:27,260 [shell_command.py:_check_proc_success()] - Command (git -C /home/pi/moonraker describe origin/master --always --tags --long --abbrev=8) successfully finished
2024-03-15 13:02:27,276 [shell_command.py:_check_proc_success()] - Command (git -C /home/pi/moonraker rev-list HEAD..6b1b8c51025c6a8650b4cecfefb47f0ff1d4415a --count) successfully finished
2024-03-15 13:02:27,277 [git_deploy.py:log_repo_info()] - Git Repo moonraker Detected:
Owner: Arksine
Repository Name: moonraker
Path: /home/pi/moonraker
Remote: origin
Branch: master
Remote URL: https://github.com/Arksine/moonraker.git
Recovery URL: https://github.com/Arksine/moonraker.git
Current Commit SHA: 6b1b8c51025c6a8650b4cecfefb47f0ff1d4415a
Upstream Commit SHA: 6b1b8c51025c6a8650b4cecfefb47f0ff1d4415a
Current Version: v0.8.0-320-g6b1b8c51
Upstream Version: v0.8.0-320-g6b1b8c51
Rollback Commit: 0850c16b00052b817126f27af22dba004a0c7366
Rollback Branch: master
Rollback Version: v0.8.0-317-g0850c16b
Is Dirty: False
Is Detached: False
Is Shallow: False
Commits Behind Count: 0
Diverged: False
2024-03-15 13:02:27,278 [base_deploy.py:log_info()] - Git Repo moonraker: Channel: dev
2024-03-15 13:02:27,278 [base_deploy.py:log_info()] - Git Repo moonraker: Validity check for git repo passed
2024-03-15 13:02:27,307 [server.py:_handle_term_signal()] - Exiting with signal SIGTERM
2024-03-15 13:02:27,413 [websockets.py:on_close()] - Websocket Closed: ID: 548349074544 Close Code: 1001, Close Reason: Server Shutdown, Pong Time Elapsed: 0.94
2024-03-15 13:02:27,415 [klippy_connection.py:_on_connection_closed()] - Klippy Connection Removed
2024-03-15 13:02:27,444 [database.py:close()] - Database statistics:

announcements:
psize: 4096
depth: 0
branch_pages: 0
leaf_pages: 0
overflow_pages: 0
entries: 0
authorized_users:
psize: 4096
depth: 1
branch_pages: 0
leaf_pages: 1
overflow_pages: 0
entries: 1
gcode_metadata:
psize: 4096
depth: 2
branch_pages: 1
leaf_pages: 13
overflow_pages: 0
entries: 56
history:
psize: 4096
depth: 2
branch_pages: 1
leaf_pages: 44
overflow_pages: 0
entries: 203
mainsail:
psize: 4096
depth: 1
branch_pages: 0
leaf_pages: 1
overflow_pages: 0
entries: 8
moonraker:
psize: 4096
depth: 1
branch_pages: 0
leaf_pages: 1
overflow_pages: 0
entries: 8
update_manager:
psize: 4096
depth: 1
branch_pages: 0
leaf_pages: 1
overflow_pages: 0
entries: 4
2024-03-15 13:02:27,478 [server.py:main()] - Server Shutdown
-------------------- Log Start | Fri Mar 15 17:02:28 2024 --------------------
data_path: /home/pi/printer_data
is_default_data_path: False
config_file: /home/pi/printer_data/config/moonraker.conf
startup_warnings: []
verbose: False
debug: False
asyncio_debug: False
is_backup_config: False
is_python_package: False
instance_uuid: 5c8a21914cfc42968cca1c9b953332c1
unix_socket_path: /home/pi/printer_data/comms/moonraker.sock
software_version: v0.8.0-320-g6b1b8c5
git_branch: master
git_remote: origin
git_repo_url: https://github.com/Arksine/moonraker.git
modified_files: []
unofficial_components: []
log_file: /home/pi/printer_data/logs/moonraker.log
python_version: 3.9.2 (default, Feb 28 2021, 17:03:44)  [GCC 10.2.1 20210110]
launch_args: /home/pi/moonraker-env/bin/python /home/pi/moonraker/moonraker/moonraker.py -d /home/pi/printer_data
msgspec_enabled: False
uvloop_enabled: False
2024-03-15 13:02:28,151 [confighelper.py:read_file()] - Configuration File '/home/pi/printer_data/config/moonraker.conf' parsed, total size: 545 B
2024-03-15 13:02:28,151 [server.py:add_log_rollover_item()] - 
#################### Moonraker Configuration ####################

[server]
host = 0.0.0.0
port = 7125
klippy_uds_address = /home/pi/printer_data/comms/klippy.sock

[authorization]
trusted_clients = 
	10.0.0.0/8
	127.0.0.0/8
	169.254.0.0/16
	172.16.0.0/12
	192.168.0.0/16
	FE80::/10
	::1/128
cors_domains = 
	*.lan
	*.local
	*://localhost
	*://localhost:*
	*://my.mainsail.xyz
	*://app.fluidd.xyz

[octoprint_compat]

[history]

[update_manager]
channel = dev
refresh_interval = 168

[update_manager mainsail]
type = web
channel = stable
repo = mainsail-crew/mainsail
path = ~/mainsail

#################################################################
All Configuration Files:
/home/pi/printer_data/config/moonraker.conf
#################################################################
2024-03-15 13:02:28,237 [server.py:load_component()] - Component (secrets) loaded
2024-03-15 13:02:28,244 [server.py:load_component()] - Component (template) loaded
2024-03-15 13:02:28,251 [server.py:load_component()] - Component (klippy_connection) loaded
2024-03-15 13:02:28,553 [server.py:load_component()] - Component (application) loaded
2024-03-15 13:02:28,574 [server.py:load_component()] - Component (websockets) loaded
2024-03-15 13:02:28,615 [server.py:load_component()] - Component (dbus_manager) loaded
2024-03-15 13:02:28,622 [server.py:add_log_rollover_item()] - 
Database Versions: pylmdb = 1.4.1, lmdb = (0, 9, 29)
Unsafe Shutdown Count: 20
2024-03-15 13:02:29,227 [server.py:load_component()] - Component (database) loaded
2024-03-15 13:02:29,248 [file_manager.py:__init__()] - Using File System Observer: inotify
2024-03-15 13:02:29,268 [server.py:load_component()] - Component (file_manager) loaded
2024-03-15 13:02:29,289 [authorization.py:__init__()] - Authorization Configuration Loaded
Trusted Clients:
10.0.0.0/8
127.0.0.0/8
169.254.0.0/16
172.16.0.0/12
192.168.0.0/16
fe80::/10
::1/128
CORS Domains:
.*\.lan
.*\.local
.*://localhost
.*://localhost:.*
.*://my\.mainsail\.xyz
.*://app\.fluidd\.xyz
2024-03-15 13:02:29,294 [server.py:load_component()] - Component (authorization) loaded
2024-03-15 13:02:29,299 [server.py:load_component()] - Component (klippy_apis) loaded
2024-03-15 13:02:29,493 [server.py:add_log_rollover_item()] - 
System Info:

***python***
  version: (3, 9, 2, 'final', 0)
  version_string: 3.9.2 (default, Feb 28 2021, 17:03:44)  [GCC 10.2.1 20210110]

***cpu_info***
  cpu_count: 4
  bits: 64bit
  processor: aarch64
  cpu_desc: 
  serial_number: 10000000f3f2a0c2
  hardware_desc: BCM2835
  model: Raspberry Pi 4 Model B Rev 1.2
  total_memory: 3885396
  memory_units: kB

***sd_info***
  manufacturer_id: 27
  manufacturer: Unknown
  oem_id: 5048
  product_name: SD256
  product_revision: 6.0
  serial_number: dacda965
  manufacturer_date: 5/2020
  capacity: 238.5 GiB
  total_bytes: 256068550656

***distribution***
  name: Debian GNU/Linux 11 (bullseye)
  id: debian
  version: 11
  version_parts: {'major': '11', 'minor': '', 'build_number': ''}
  like: 
  codename: bullseye
  release_info: {}

***virtualization***
  virt_type: none
  virt_identifier: none

***network***

***canbus***

***Allowed Services***
  klipper_mcu
  webcamd
  MoonCord
  KlipperScreen
  moonraker-telegram-bot
  moonraker-obico
  sonar
  crowsnest
  octoeverywhere
2024-03-15 13:02:29,496 [server.py:load_component()] - Component (shell_command) loaded
2024-03-15 13:02:29,496 [machine.py:__init__()] - Using System Provider: systemd_dbus
2024-03-15 13:02:29,561 [server.py:add_log_rollover_item()] - Found libcamera Python module, version: v0.0.5+83-bde9b04f
2024-03-15 13:02:29,562 [server.py:load_component()] - Component (machine) loaded
2024-03-15 13:02:29,565 [server.py:load_component()] - Component (data_store) loaded
2024-03-15 13:02:29,567 [proc_stats.py:__init__()] - Detected 'vcgencmd', throttle checking enabled
2024-03-15 13:02:29,568 [server.py:load_component()] - Component (proc_stats) loaded
2024-03-15 13:02:29,569 [server.py:load_component()] - Component (job_state) loaded
2024-03-15 13:02:29,574 [server.py:load_component()] - Component (job_queue) loaded
2024-03-15 13:02:29,580 [server.py:load_component()] - Component (http_client) loaded
2024-03-15 13:02:29,584 [server.py:load_component()] - Component (announcements) loaded
2024-03-15 13:02:29,588 [server.py:load_component()] - Component (webcam) loaded
2024-03-15 13:02:29,590 [server.py:load_component()] - Component (extensions) loaded
2024-03-15 13:02:29,630 [base_deploy.py:log_info()] - Git Repo moonraker: Detected virtualenv: /home/pi/moonraker-env
2024-03-15 13:02:29,634 [base_deploy.py:log_info()] - Git Repo klipper: Detected virtualenv: /home/pi/klippy-env
2024-03-15 13:02:29,643 [server.py:load_component()] - Component (update_manager) loaded
2024-03-15 13:02:29,648 [server.py:load_component()] - Component (octoprint_compat) loaded
2024-03-15 13:02:29,652 [server.py:load_component()] - Component (history) loaded
2024-03-15 13:02:29,654 [server.py:_initialize_component()] - Performing Component Post Init: [dbus_manager]
2024-03-15 13:02:29,667 [server.py:_initialize_component()] - Performing Component Post Init: [file_manager]
2024-03-15 13:02:29,705 [server.py:_initialize_component()] - Performing Component Post Init: [authorization]
2024-03-15 13:02:29,706 [server.py:_initialize_component()] - Performing Component Post Init: [machine]
2024-03-15 13:02:29,706 [machine.py:validation_init()] - Installation version in database up to date
2024-03-15 13:02:29,898 [machine.py:check_virt_status()] - No Virtualization Detected
2024-03-15 13:02:29,912 [machine.py:_find_public_ip()] - Detected Local IP: 192.168.10.113
2024-03-15 13:02:29,914 [webcam.py:_set_default_host_ip()] - Default public webcam address set: http://192.168.10.113
2024-03-15 13:02:29,971 [server.py:add_log_rollover_item()] - 
Systemd unit moonraker.service:
unit_name: moonraker.service
is_default: True
manager: systemd
Properties:
**Requires=['-.mount', 'system.slice', 'network-online.target', 'sysinit.target']
**After=['sysinit.target', '-.mount', 'systemd-journald.socket', 'basic.target', 'network-online.target', 'system.slice']
**SupplementaryGroups=['moonraker-admin']
**EnvironmentFiles=/home/pi/printer_data/systemd/moonraker.env
**ExecStart=/home/pi/moonraker-env/bin/python $MOONRAKER_ARGS
**WorkingDirectory=/home/pi/moonraker
**FragmentPath=/etc/systemd/system/moonraker.service
**Description=API Server for Klipper SV1
**User=pi
2024-03-15 13:02:29,971 [server.py:_initialize_component()] - Performing Component Post Init: [proc_stats]
2024-03-15 13:02:29,971 [server.py:_initialize_component()] - Performing Component Post Init: [announcements]
2024-03-15 13:02:29,972 [server.py:_initialize_component()] - Performing Component Post Init: [webcam]
2024-03-15 13:02:29,972 [webcam.py:_set_default_host_ip()] - Default public webcam address set: http://192.168.10.113
2024-03-15 13:02:29,973 [server.py:_initialize_component()] - Performing Component Post Init: [klippy_connection]
2024-03-15 13:02:29,973 [server.py:add_log_rollover_item()] - 
Systemd unit klipper.service:
unit_name: klipper.service
is_default: True
manager: systemd
Properties:
**Requires=['-.mount', 'system.slice', 'sysinit.target']
**After=['basic.target', '-.mount', 'network-online.target', 'systemd-journald.socket', 'sysinit.target', 'system.slice']
**SupplementaryGroups=[]
**EnvironmentFiles=/home/pi/printer_data/systemd/klipper.env
**ExecStart=/home/pi/klippy-env/bin/python $KLIPPER_ARGS
**WorkingDirectory=/home/pi/klipper
**FragmentPath=/etc/systemd/system/klipper.service
**Description=Klipper 3D Printer Firmware SV1
**User=pi
2024-03-15 13:02:29,973 [server.py:_initialize_component()] - Performing Component Post Init: [update_manager]
2024-03-15 13:02:29,975 [server.py:_initialize_component()] - Performing Component Post Init: [history]
2024-03-15 13:02:30,021 [base_deploy.py:log_info()] - PackageDeploy: PackageKit Provider Configured
2024-03-15 13:02:30,021 [base_deploy.py:log_info()] - Git Repo moonraker: Stored pip version: 23.0
2024-03-15 13:02:30,553 [git_deploy.py:log_repo_info()] - Git Repo moonraker Detected:
Owner: Arksine
Repository Name: moonraker
Path: /home/pi/moonraker
Remote: origin
Branch: master
Remote URL: https://github.com/Arksine/moonraker.git
Recovery URL: https://github.com/Arksine/moonraker.git
Current Commit SHA: 6b1b8c51025c6a8650b4cecfefb47f0ff1d4415a
Upstream Commit SHA: 6b1b8c51025c6a8650b4cecfefb47f0ff1d4415a
Current Version: v0.8.0-320-g6b1b8c51
Upstream Version: v0.8.0-320-g6b1b8c51
Rollback Commit: 0850c16b00052b817126f27af22dba004a0c7366
Rollback Branch: master
Rollback Version: v0.8.0-317-g0850c16b
Is Dirty: False
Is Detached: False
Is Shallow: False
Commits Behind Count: 0
Diverged: False
2024-03-15 13:02:31,084 [git_deploy.py:log_repo_info()] - Git Repo klipper Detected:
Owner: Klipper3d
Repository Name: klipper
Path: /home/pi/klipper
Remote: origin
Branch: master
Remote URL: https://github.com/Klipper3d/klipper
Recovery URL: https://github.com/Klipper3d/klipper
Current Commit SHA: bfb71bc2dc63f2911a11ebf580f82b1e8b2706c4
Upstream Commit SHA: bfb71bc2dc63f2911a11ebf580f82b1e8b2706c4
Current Version: v0.12.0-125-gbfb71bc2
Upstream Version: v0.12.0-125-gbfb71bc2
Rollback Commit: a77d07907fdfcd76f7175231caee170db205ff04
Rollback Branch: master
Rollback Version: v0.12.0-114-ga77d0790
Is Dirty: False
Is Detached: False
Is Shallow: False
Commits Behind Count: 0
Diverged: False
2024-03-15 13:02:31,088 [base_deploy.py:log_info()] - Web Client mainsail: Detected
Repo: mainsail-crew/mainsail
Channel: stable
Path: /home/pi/mainsail
Local Version: v2.10.0
Remote Version: v2.10.0
Valid: True
Fallback Detected: False
Pre-release: False
Download Url: https://github.com/mainsail-crew/mainsail/releases/download/v2.10.0/mainsail.zip
Download Size: 2081565
Content Type: application/zip
Rollback Version: v2.9.1
Rollback Repo: mainsail-crew/mainsail
2024-03-15 13:02:31,089 [base_deploy.py:log_info()] - PackageKit: Next refresh in: 6 Days, 23 Hours, 59 Minutes, 46 Seconds
2024-03-15 13:02:31,089 [base_deploy.py:log_info()] - Git Repo moonraker: Next refresh in: 6 Days, 23 Hours, 59 Minutes, 56 Seconds
2024-03-15 13:02:31,089 [base_deploy.py:log_info()] - Git Repo klipper: Next refresh in: 6 Days, 23 Hours, 59 Minutes, 48 Seconds
2024-03-15 13:02:31,089 [base_deploy.py:log_info()] - Web Client mainsail: Next refresh in: 6 Days, 23 Hours, 59 Minutes, 8 Seconds
2024-03-15 13:02:31,091 [extensions.py:start_unix_server()] - Creating Unix Domain Socket at '/home/pi/printer_data/comms/moonraker.sock'
2024-03-15 13:02:31,093 [server.py:start_server()] - Starting Moonraker on (0.0.0.0, 7125), Hostname: klipper
2024-03-15 13:02:31,094 [application.py:listen()] - SSL Certificate/Key not configured, aborting HTTPS Server startup
2024-03-15 13:02:31,346 [klippy_connection.py:_do_connect()] - Klippy Connection Established
2024-03-15 13:02:31,660 [server.py:add_log_rollover_item()] - Klipper Version: v0.12.0-125-gbfb71bc2
2024-03-15 13:02:31,674 [klippy_connection.py:_request_initial_subscriptions()] - Webhooks Subscribed
2024-03-15 13:02:31,675 [klippy_connection.py:_request_initial_subscriptions()] - GCode Output Subscribed
2024-03-15 13:02:31,925 [job_state.py:_handle_started()] - Job state initialized: standby
2024-03-15 13:02:32,183 [klippy_connection.py:_check_ready()] - Klippy ready
2024-03-15 13:02:32,678 [data_store.py:_init_sensors()] - Configuring available sensors: ['heater_bed', 'extruder']
2024-03-15 13:02:55,659 [authorization.py:_check_trusted_connection()] - Trusted Connection Detected, IP: 192.168.10.103
2024-03-15 13:02:55,664 [application.py:log_request()] - 101 GET /websocket (192.168.10.103) [_TRUSTED_USER_] 8.73ms
2024-03-15 13:02:55,665 [websockets.py:open()] - Websocket Opened: ID: 547746985152, Proxied: True, User Agent: Mozilla/5.0 (Windows NT 10.0; Win64; x64) AppleWebKit/537.36 (KHTML, like Gecko) Chrome/122.0.0.0 Safari/537.36, Host Name: klipper.local
2024-03-15 13:02:55,676 [websockets.py:_handle_identify()] - Websocket 547746985152 Client Identified - Name: mainsail, Version: 2.10.0, Type: web
2024-03-15 13:05:34,308 [websockets.py:on_close()] - Websocket Closed: ID: 547746985152 Close Code: 1001, Close Reason: None, Pong Time Elapsed: 8.64
2024-03-15 13:05:34,604 [application.py:log_request()] - 101 GET /websocket (192.168.10.103) [_TRUSTED_USER_] 2.73ms
2024-03-15 13:05:34,605 [websockets.py:open()] - Websocket Opened: ID: 547746984000, Proxied: True, User Agent: Mozilla/5.0 (Windows NT 10.0; Win64; x64) AppleWebKit/537.36 (KHTML, like Gecko) Chrome/122.0.0.0 Safari/537.36, Host Name: klipper.local
2024-03-15 13:05:34,647 [websockets.py:_handle_identify()] - Websocket 547746984000 Client Identified - Name: mainsail, Version: 2.10.0, Type: web
2024-03-15 13:18:58,746 [klippy_connection.py:_process_status_update()] - Klippy has shutdown
2024-03-15 13:18:58,750 [proc_stats.py:_handle_shutdown()] - 
Moonraker System Usage Statistics:
System Time: 1710523108.972674, Usage: 1.89%, Memory: 50288 kB
System Time: 1710523109.973361, Usage: 1.84%, Memory: 50288 kB
System Time: 1710523110.974014, Usage: 1.85%, Memory: 50288 kB
System Time: 1710523111.975682, Usage: 3.95%, Memory: 50288 kB
System Time: 1710523112.975388, Usage: 2.01%, Memory: 50288 kB
System Time: 1710523113.975846, Usage: 1.82%, Memory: 50288 kB
System Time: 1710523114.976866, Usage: 2.21%, Memory: 50288 kB
System Time: 1710523115.977722, Usage: 1.85%, Memory: 50288 kB
System Time: 1710523116.979053, Usage: 1.86%, Memory: 50288 kB
System Time: 1710523117.979826, Usage: 1.82%, Memory: 50288 kB
System Time: 1710523118.980769, Usage: 1.87%, Memory: 50288 kB
System Time: 1710523119.981982, Usage: 1.85%, Memory: 50288 kB
System Time: 1710523120.982216, Usage: 1.88%, Memory: 50288 kB
System Time: 1710523121.984531, Usage: 3.97%, Memory: 50288 kB
System Time: 1710523122.984426, Usage: 1.98%, Memory: 50288 kB
System Time: 1710523123.985257, Usage: 1.86%, Memory: 50288 kB
System Time: 1710523124.986416, Usage: 2.24%, Memory: 50288 kB
System Time: 1710523125.988369, Usage: 1.84%, Memory: 50288 kB
System Time: 1710523126.989179, Usage: 1.87%, Memory: 50292 kB
System Time: 1710523127.990230, Usage: 1.82%, Memory: 50296 kB
System Time: 1710523128.992321, Usage: 1.86%, Memory: 50296 kB
System Time: 1710523129.993191, Usage: 1.82%, Memory: 50296 kB
System Time: 1710523130.994008, Usage: 1.86%, Memory: 50296 kB
System Time: 1710523131.996202, Usage: 4.25%, Memory: 50296 kB
System Time: 1710523132.996553, Usage: 1.97%, Memory: 50296 kB
System Time: 1710523133.997052, Usage: 1.86%, Memory: 50296 kB
System Time: 1710523134.998245, Usage: 2.24%, Memory: 50296 kB
System Time: 1710523135.995800, Usage: 1.48%, Memory: 50296 kB
System Time: 1710523136.996521, Usage: 0.95%, Memory: 50296 kB
System Time: 1710523137.998097, Usage: 0.87%, Memory: 50296 kB
CPU Temperature: 38.946
2024-03-15 13:18:58,751 [proc_stats.py:_handle_shutdown()] - Throttled Flags: 
2024-03-15 13:20:36,118 [klippy_connection.py:_on_connection_closed()] - Klippy Connection Removed
2024-03-15 13:20:37,382 [klippy_connection.py:_do_connect()] - Klippy Connection Established
2024-03-15 13:20:39,475 [klippy_connection.py:_request_initial_subscriptions()] - Webhooks Subscribed
2024-03-15 13:20:39,477 [klippy_connection.py:_request_initial_subscriptions()] - GCode Output Subscribed
2024-03-15 13:20:39,726 [job_state.py:_handle_started()] - Job state initialized: standby
2024-03-15 13:20:39,985 [klippy_connection.py:_check_ready()] - Klippy ready
2024-03-15 13:20:40,483 [data_store.py:_init_sensors()] - Configuring available sensors: ['heater_bed', 'extruder']
2024-03-15 13:31:54,740 [server.py:_handle_term_signal()] - Exiting with signal SIGTERM
2024-03-15 13:31:54,741 [klippy_connection.py:_on_connection_closed()] - Klippy Connection Removed
2024-03-15 13:31:54,853 [websockets.py:on_close()] - Websocket Closed: ID: 547746984000 Close Code: 1001, Close Reason: Server Shutdown, Pong Time Elapsed: 0.24
2024-03-15 13:31:54,860 [database.py:close()] - Database statistics:

announcements:
psize: 4096
depth: 0
branch_pages: 0
leaf_pages: 0
overflow_pages: 0
entries: 0
authorized_users:
psize: 4096
depth: 1
branch_pages: 0
leaf_pages: 1
overflow_pages: 0
entries: 1
gcode_metadata:
psize: 4096
depth: 2
branch_pages: 1
leaf_pages: 13
overflow_pages: 0
entries: 56
history:
psize: 4096
depth: 2
branch_pages: 1
leaf_pages: 44
overflow_pages: 0
entries: 203
mainsail:
psize: 4096
depth: 1
branch_pages: 0
leaf_pages: 1
overflow_pages: 0
entries: 8
moonraker:
psize: 4096
depth: 1
branch_pages: 0
leaf_pages: 1
overflow_pages: 0
entries: 8
update_manager:
psize: 4096
depth: 1
branch_pages: 0
leaf_pages: 1
overflow_pages: 0
entries: 4
2024-03-15 13:31:54,915 [server.py:main()] - Server Shutdown
-------------------- Log Start | Fri Mar 15 17:32:12 2024 --------------------
data_path: /home/pi/printer_data
is_default_data_path: False
config_file: /home/pi/printer_data/config/moonraker.conf
startup_warnings: []
verbose: False
debug: False
asyncio_debug: False
is_backup_config: False
is_python_package: False
instance_uuid: 5c8a21914cfc42968cca1c9b953332c1
unix_socket_path: /home/pi/printer_data/comms/moonraker.sock
software_version: v0.8.0-320-g6b1b8c5
git_branch: master
git_remote: origin
git_repo_url: https://github.com/Arksine/moonraker.git
modified_files: []
unofficial_components: []
log_file: /home/pi/printer_data/logs/moonraker.log
python_version: 3.9.2 (default, Feb 28 2021, 17:03:44)  [GCC 10.2.1 20210110]
launch_args: /home/pi/moonraker-env/bin/python /home/pi/moonraker/moonraker/moonraker.py -d /home/pi/printer_data
msgspec_enabled: False
uvloop_enabled: False
2024-03-15 13:32:12,564 [confighelper.py:read_file()] - Configuration File '/home/pi/printer_data/config/moonraker.conf' parsed, total size: 545 B
2024-03-15 13:32:12,564 [server.py:add_log_rollover_item()] - 
#################### Moonraker Configuration ####################

[server]
host = 0.0.0.0
port = 7125
klippy_uds_address = /home/pi/printer_data/comms/klippy.sock

[authorization]
trusted_clients = 
	10.0.0.0/8
	127.0.0.0/8
	169.254.0.0/16
	172.16.0.0/12
	192.168.0.0/16
	FE80::/10
	::1/128
cors_domains = 
	*.lan
	*.local
	*://localhost
	*://localhost:*
	*://my.mainsail.xyz
	*://app.fluidd.xyz

[octoprint_compat]

[history]

[update_manager]
channel = dev
refresh_interval = 168

[update_manager mainsail]
type = web
channel = stable
repo = mainsail-crew/mainsail
path = ~/mainsail

#################################################################
All Configuration Files:
/home/pi/printer_data/config/moonraker.conf
#################################################################
2024-03-15 13:32:12,787 [server.py:load_component()] - Component (secrets) loaded
2024-03-15 13:32:12,799 [server.py:load_component()] - Component (template) loaded
2024-03-15 13:32:12,806 [server.py:load_component()] - Component (klippy_connection) loaded
2024-03-15 13:32:13,378 [server.py:load_component()] - Component (application) loaded
2024-03-15 13:32:13,410 [server.py:load_component()] - Component (websockets) loaded
2024-03-15 13:32:13,489 [server.py:load_component()] - Component (dbus_manager) loaded
2024-03-15 13:32:13,527 [server.py:add_log_rollover_item()] - 
Database Versions: pylmdb = 1.4.1, lmdb = (0, 9, 29)
Unsafe Shutdown Count: 20
2024-03-15 13:32:13,538 [server.py:load_component()] - Component (database) loaded
2024-03-15 13:32:13,575 [file_manager.py:__init__()] - Using File System Observer: inotify
2024-03-15 13:32:13,621 [server.py:load_component()] - Component (file_manager) loaded
2024-03-15 13:32:13,654 [authorization.py:__init__()] - Authorization Configuration Loaded
Trusted Clients:
10.0.0.0/8
127.0.0.0/8
169.254.0.0/16
172.16.0.0/12
192.168.0.0/16
fe80::/10
::1/128
CORS Domains:
.*\.lan
.*\.local
.*://localhost
.*://localhost:.*
.*://my\.mainsail\.xyz
.*://app\.fluidd\.xyz
2024-03-15 13:32:13,658 [server.py:load_component()] - Component (authorization) loaded
2024-03-15 13:32:13,664 [server.py:load_component()] - Component (klippy_apis) loaded
2024-03-15 13:32:13,939 [server.py:add_log_rollover_item()] - 
System Info:

***python***
  version: (3, 9, 2, 'final', 0)
  version_string: 3.9.2 (default, Feb 28 2021, 17:03:44)  [GCC 10.2.1 20210110]

***cpu_info***
  cpu_count: 4
  bits: 64bit
  processor: aarch64
  cpu_desc: 
  serial_number: 10000000f3f2a0c2
  hardware_desc: BCM2835
  model: Raspberry Pi 4 Model B Rev 1.2
  total_memory: 3885396
  memory_units: kB

***sd_info***
  manufacturer_id: 27
  manufacturer: Unknown
  oem_id: 5048
  product_name: SD256
  product_revision: 6.0
  serial_number: dacda965
  manufacturer_date: 5/2020
  capacity: 238.5 GiB
  total_bytes: 256068550656

***distribution***
  name: Debian GNU/Linux 11 (bullseye)
  id: debian
  version: 11
  version_parts: {'major': '11', 'minor': '', 'build_number': ''}
  like: 
  codename: bullseye
  release_info: {}

***virtualization***
  virt_type: none
  virt_identifier: none

***network***

***canbus***

***Allowed Services***
  klipper_mcu
  webcamd
  MoonCord
  KlipperScreen
  moonraker-telegram-bot
  moonraker-obico
  sonar
  crowsnest
  octoeverywhere
2024-03-15 13:32:13,943 [server.py:load_component()] - Component (shell_command) loaded
2024-03-15 13:32:13,943 [machine.py:__init__()] - Using System Provider: systemd_dbus
2024-03-15 13:32:14,110 [server.py:add_log_rollover_item()] - Found libcamera Python module, version: v0.0.5+83-bde9b04f
2024-03-15 13:32:14,111 [server.py:load_component()] - Component (machine) loaded
2024-03-15 13:32:14,114 [server.py:load_component()] - Component (data_store) loaded
2024-03-15 13:32:14,117 [proc_stats.py:__init__()] - Detected 'vcgencmd', throttle checking enabled
2024-03-15 13:32:14,118 [server.py:load_component()] - Component (proc_stats) loaded
2024-03-15 13:32:14,120 [server.py:load_component()] - Component (job_state) loaded
2024-03-15 13:32:14,125 [server.py:load_component()] - Component (job_queue) loaded
2024-03-15 13:32:14,135 [server.py:load_component()] - Component (http_client) loaded
2024-03-15 13:32:14,140 [server.py:load_component()] - Component (announcements) loaded
2024-03-15 13:32:14,145 [server.py:load_component()] - Component (webcam) loaded
2024-03-15 13:32:14,149 [server.py:load_component()] - Component (extensions) loaded
2024-03-15 13:32:14,200 [base_deploy.py:log_info()] - Git Repo moonraker: Detected virtualenv: /home/pi/moonraker-env
2024-03-15 13:32:14,204 [base_deploy.py:log_info()] - Git Repo klipper: Detected virtualenv: /home/pi/klippy-env
2024-03-15 13:32:14,213 [server.py:load_component()] - Component (update_manager) loaded
2024-03-15 13:32:14,219 [server.py:load_component()] - Component (octoprint_compat) loaded
2024-03-15 13:32:14,224 [server.py:load_component()] - Component (history) loaded
2024-03-15 13:32:14,226 [server.py:_initialize_component()] - Performing Component Post Init: [dbus_manager]
2024-03-15 13:32:14,241 [server.py:_initialize_component()] - Performing Component Post Init: [file_manager]
2024-03-15 13:32:14,279 [server.py:_initialize_component()] - Performing Component Post Init: [authorization]
2024-03-15 13:32:14,280 [server.py:_initialize_component()] - Performing Component Post Init: [machine]
2024-03-15 13:32:14,280 [machine.py:validation_init()] - Installation version in database up to date
2024-03-15 13:32:14,540 [machine.py:check_virt_status()] - No Virtualization Detected
2024-03-15 13:32:14,556 [machine.py:_find_public_ip()] - Detected Local IP: 192.168.10.113
2024-03-15 13:32:14,559 [webcam.py:_set_default_host_ip()] - Default public webcam address set: http://192.168.10.113
2024-03-15 13:32:14,615 [server.py:add_log_rollover_item()] - 
Systemd unit moonraker.service:
unit_name: moonraker.service
is_default: True
manager: systemd
Properties:
**Requires=['system.slice', '-.mount', 'network-online.target', 'sysinit.target']
**After=['network-online.target', 'systemd-journald.socket', 'sysinit.target', 'system.slice', 'basic.target', '-.mount']
**SupplementaryGroups=['moonraker-admin']
**EnvironmentFiles=/home/pi/printer_data/systemd/moonraker.env
**ExecStart=/home/pi/moonraker-env/bin/python $MOONRAKER_ARGS
**WorkingDirectory=/home/pi/moonraker
**FragmentPath=/etc/systemd/system/moonraker.service
**Description=API Server for Klipper SV1
**User=pi
2024-03-15 13:32:14,615 [server.py:_initialize_component()] - Performing Component Post Init: [proc_stats]
2024-03-15 13:32:14,615 [server.py:_initialize_component()] - Performing Component Post Init: [announcements]
2024-03-15 13:32:14,616 [server.py:_initialize_component()] - Performing Component Post Init: [webcam]
2024-03-15 13:32:14,617 [webcam.py:_set_default_host_ip()] - Default public webcam address set: http://192.168.10.113
2024-03-15 13:32:14,617 [server.py:_initialize_component()] - Performing Component Post Init: [klippy_connection]
2024-03-15 13:32:14,617 [server.py:add_log_rollover_item()] - 
Systemd unit klipper.service:
unit_name: klipper.service
is_default: True
manager: systemd
Properties:
**Requires=['-.mount', 'system.slice', 'sysinit.target']
**After=['basic.target', '-.mount', 'network-online.target', 'systemd-journald.socket', 'sysinit.target', 'system.slice']
**SupplementaryGroups=[]
**EnvironmentFiles=/home/pi/printer_data/systemd/klipper.env
**ExecStart=/home/pi/klippy-env/bin/python $KLIPPER_ARGS
**WorkingDirectory=/home/pi/klipper
**FragmentPath=/etc/systemd/system/klipper.service
**Description=Klipper 3D Printer Firmware SV1
**User=pi
2024-03-15 13:32:14,617 [server.py:_initialize_component()] - Performing Component Post Init: [update_manager]
2024-03-15 13:32:14,619 [server.py:_initialize_component()] - Performing Component Post Init: [history]
2024-03-15 13:32:14,952 [base_deploy.py:log_info()] - PackageDeploy: PackageKit Provider Configured
2024-03-15 13:32:14,952 [base_deploy.py:log_info()] - Git Repo moonraker: Stored pip version: 23.0
2024-03-15 13:32:15,483 [git_deploy.py:log_repo_info()] - Git Repo moonraker Detected:
Owner: Arksine
Repository Name: moonraker
Path: /home/pi/moonraker
Remote: origin
Branch: master
Remote URL: https://github.com/Arksine/moonraker.git
Recovery URL: https://github.com/Arksine/moonraker.git
Current Commit SHA: 6b1b8c51025c6a8650b4cecfefb47f0ff1d4415a
Upstream Commit SHA: 6b1b8c51025c6a8650b4cecfefb47f0ff1d4415a
Current Version: v0.8.0-320-g6b1b8c51
Upstream Version: v0.8.0-320-g6b1b8c51
Rollback Commit: 0850c16b00052b817126f27af22dba004a0c7366
Rollback Branch: master
Rollback Version: v0.8.0-317-g0850c16b
Is Dirty: False
Is Detached: False
Is Shallow: False
Commits Behind Count: 0
Diverged: False
2024-03-15 13:32:16,013 [git_deploy.py:log_repo_info()] - Git Repo klipper Detected:
Owner: Klipper3d
Repository Name: klipper
Path: /home/pi/klipper
Remote: origin
Branch: master
Remote URL: https://github.com/Klipper3d/klipper
Recovery URL: https://github.com/Klipper3d/klipper
Current Commit SHA: bfb71bc2dc63f2911a11ebf580f82b1e8b2706c4
Upstream Commit SHA: bfb71bc2dc63f2911a11ebf580f82b1e8b2706c4
Current Version: v0.12.0-125-gbfb71bc2
Upstream Version: v0.12.0-125-gbfb71bc2
Rollback Commit: a77d07907fdfcd76f7175231caee170db205ff04
Rollback Branch: master
Rollback Version: v0.12.0-114-ga77d0790
Is Dirty: False
Is Detached: False
Is Shallow: False
Commits Behind Count: 0
Diverged: False
2024-03-15 13:32:16,020 [base_deploy.py:log_info()] - Web Client mainsail: Detected
Repo: mainsail-crew/mainsail
Channel: stable
Path: /home/pi/mainsail
Local Version: v2.10.0
Remote Version: v2.10.0
Valid: True
Fallback Detected: False
Pre-release: False
Download Url: https://github.com/mainsail-crew/mainsail/releases/download/v2.10.0/mainsail.zip
Download Size: 2081565
Content Type: application/zip
Rollback Version: v2.9.1
Rollback Repo: mainsail-crew/mainsail
2024-03-15 13:32:16,021 [base_deploy.py:log_info()] - PackageKit: Next refresh in: 6 Days, 23 Hours, 30 Minutes, 1 Second
2024-03-15 13:32:16,021 [base_deploy.py:log_info()] - Git Repo moonraker: Next refresh in: 6 Days, 23 Hours, 30 Minutes, 11 Seconds
2024-03-15 13:32:16,021 [base_deploy.py:log_info()] - Git Repo klipper: Next refresh in: 6 Days, 23 Hours, 30 Minutes, 3 Seconds
2024-03-15 13:32:16,021 [base_deploy.py:log_info()] - Web Client mainsail: Next refresh in: 6 Days, 23 Hours, 29 Minutes, 23 Seconds
2024-03-15 13:32:16,024 [extensions.py:start_unix_server()] - Creating Unix Domain Socket at '/home/pi/printer_data/comms/moonraker.sock'
2024-03-15 13:32:16,025 [server.py:start_server()] - Starting Moonraker on (0.0.0.0, 7125), Hostname: klipper
2024-03-15 13:32:16,027 [application.py:listen()] - SSL Certificate/Key not configured, aborting HTTPS Server startup
2024-03-15 13:32:16,279 [klippy_connection.py:_do_connect()] - Klippy Connection Established
2024-03-15 13:32:16,341 [server.py:add_log_rollover_item()] - 
Systemd unit klipper.service:
unit_name: klipper.service
is_default: True
manager: systemd
Properties:
**Requires=['sysinit.target', '-.mount', 'system.slice']
**After=['systemd-journald.socket', 'basic.target', 'system.slice', '-.mount', 'network-online.target', 'sysinit.target']
**SupplementaryGroups=[]
**EnvironmentFiles=/home/pi/printer_data/systemd/klipper.env
**ExecStart=/home/pi/klippy-env/bin/python $KLIPPER_ARGS
**WorkingDirectory=/home/pi/klipper
**FragmentPath=/etc/systemd/system/klipper.service
**Description=Klipper 3D Printer Firmware SV1
**User=pi
2024-03-15 13:32:16,594 [server.py:add_log_rollover_item()] - Klipper Version: v0.12.0-125-gbfb71bc2
2024-03-15 13:32:16,608 [klippy_connection.py:_request_initial_subscriptions()] - Webhooks Subscribed
2024-03-15 13:32:16,610 [klippy_connection.py:_request_initial_subscriptions()] - GCode Output Subscribed
2024-03-15 13:32:16,860 [job_state.py:_handle_started()] - Job state initialized: standby
2024-03-15 13:32:17,126 [klippy_connection.py:_check_ready()] - Klippy ready
2024-03-15 13:32:17,615 [data_store.py:_init_sensors()] - Configuring available sensors: ['heater_bed', 'extruder']
2024-03-15 13:48:59,109 [authorization.py:_check_trusted_connection()] - Trusted Connection Detected, IP: 192.168.10.103
2024-03-15 13:48:59,115 [application.py:log_request()] - 101 GET /websocket (192.168.10.103) [_TRUSTED_USER_] 10.22ms
2024-03-15 13:48:59,117 [websockets.py:open()] - Websocket Opened: ID: 548239104608, Proxied: True, User Agent: Mozilla/5.0 (Windows NT 10.0; Win64; x64) AppleWebKit/537.36 (KHTML, like Gecko) Chrome/122.0.0.0 Safari/537.36, Host Name: klipper.local
2024-03-15 13:48:59,139 [websockets.py:_handle_identify()] - Websocket 548239104608 Client Identified - Name: mainsail, Version: 2.10.0, Type: web
2024-03-15 13:49:28,934 [application.py:prepare()] - Upload Request Received from 192.168.10.103
Content-Type: multipart/form-data; boundary=----WebKitFormBoundaryBn9zcFpyl7oD43aX
2024-03-15 13:49:28,957 [application.py:post()] - Processing Uploaded File: adxlmcu.cfg
2024-03-15 13:49:28,966 [application.py:log_request()] - 201 POST /server/files/upload (192.168.10.103) [_TRUSTED_USER_] 35.93ms
2024-03-15 13:50:48,803 [application.py:prepare()] - Upload Request Received from 192.168.10.103
Content-Type: multipart/form-data; boundary=----WebKitFormBoundaryDAwKIERloYESq7td
2024-03-15 13:50:48,828 [application.py:post()] - Processing Uploaded File: adxlmcu.cfg
2024-03-15 13:50:48,838 [application.py:log_request()] - 201 POST /server/files/upload (192.168.10.103) [_TRUSTED_USER_] 38.48ms
2024-03-15 13:51:56,358 [application.py:prepare()] - Upload Request Received from 192.168.10.103
Content-Type: multipart/form-data; boundary=----WebKitFormBoundaryL35p9qnX75BVhrZf
2024-03-15 13:51:56,379 [application.py:post()] - Processing Uploaded File: printer.cfg
2024-03-15 13:51:56,389 [application.py:log_request()] - 201 POST /server/files/upload (192.168.10.103) [_TRUSTED_USER_] 34.42ms
2024-03-15 13:51:57,434 [klippy_connection.py:_on_connection_closed()] - Klippy Connection Removed
2024-03-15 13:51:58,694 [klippy_connection.py:_do_connect()] - Klippy Connection Established
2024-03-15 13:52:01,749 [klippy_connection.py:_request_initial_subscriptions()] - Webhooks Subscribed
2024-03-15 13:52:01,752 [klippy_connection.py:_request_initial_subscriptions()] - GCode Output Subscribed
2024-03-15 13:52:02,000 [job_state.py:_handle_started()] - Job state initialized: standby
2024-03-15 13:52:02,257 [klippy_connection.py:_check_ready()] - Klippy ready
2024-03-15 13:52:02,753 [data_store.py:_init_sensors()] - Configuring available sensors: ['heater_bed', 'extruder']
2024-03-15 13:56:54,206 [application.py:prepare()] - Upload Request Received from 192.168.10.103
Content-Type: multipart/form-data; boundary=----WebKitFormBoundarypD8QrCAsUx0JJMkf
2024-03-15 13:56:54,230 [application.py:post()] - Processing Uploaded File: printer.cfg
2024-03-15 13:56:54,239 [application.py:log_request()] - 201 POST /server/files/upload (192.168.10.103) [_TRUSTED_USER_] 35.65ms
2024-03-15 13:56:55,303 [klippy_connection.py:_on_connection_closed()] - Klippy Connection Removed
2024-03-15 13:56:56,562 [klippy_connection.py:_do_connect()] - Klippy Connection Established
2024-03-15 13:56:58,647 [klippy_connection.py:_request_initial_subscriptions()] - Webhooks Subscribed
2024-03-15 13:56:58,650 [klippy_connection.py:_request_initial_subscriptions()] - GCode Output Subscribed
2024-03-15 13:56:58,898 [job_state.py:_handle_started()] - Job state initialized: standby
2024-03-15 13:56:59,159 [klippy_connection.py:_check_ready()] - Klippy ready
2024-03-15 13:56:59,655 [data_store.py:_init_sensors()] - Configuring available sensors: ['heater_bed', 'extruder']
